This file contains any messages produced by compilers while
running configure, to aid debugging if configure makes a mistake.

It was created by SELEN configure 2.9, which was
generated by GNU Autoconf 2.69.  Invocation command line was

  $ ./configure 

## --------- ##
## Platform. ##
## --------- ##

hostname = Erics-MacBook-Pro.local
uname -m = x86_64
uname -r = 11.4.2
uname -s = Darwin
uname -v = Darwin Kernel Version 11.4.2: Thu Aug 23 16:25:48 PDT 2012; root:xnu-1699.32.7~1/RELEASE_X86_64

/usr/bin/uname -p = i386
/bin/uname -X     = unknown

/bin/arch              = unknown
/usr/bin/arch -k       = unknown
/usr/convex/getsysinfo = unknown
/usr/bin/hostinfo      = Mach kernel version:
	 Darwin Kernel Version 11.4.2: Thu Aug 23 16:25:48 PDT 2012; root:xnu-1699.32.7~1/RELEASE_X86_64
Kernel configured for up to 8 processors.
4 processors are physically available.
8 processors are logically available.
Processor type: i486 (Intel 80486)
Processors active: 0 1 2 3 4 5 6 7
Primary memory available: 8.00 gigabytes
Default processor set: 126 tasks, 730 threads, 8 processors
Load average: 1.75, Mach factor: 6.23
/bin/machine           = unknown
/usr/bin/oslevel       = unknown
/bin/universe          = unknown

PATH: /opt/local/bin
PATH: /opt/local/sbin
PATH: /usr/bin
PATH: /bin
PATH: /usr/sbin
PATH: /sbin
PATH: /usr/local/bin
PATH: /usr/X11/bin
PATH: /usr/texbin


## ----------- ##
## Core tests. ##
## ----------- ##

configure:1812: checking for a BSD-compatible install
configure:1880: result: /usr/bin/install -c
configure:1891: checking whether build environment is sane
configure:1946: result: yes
configure:2097: checking for a thread-safe mkdir -p
configure:2136: result: ./install-sh -c -d
configure:2143: checking for gawk
configure:2173: result: no
configure:2143: checking for mawk
configure:2173: result: no
configure:2143: checking for nawk
configure:2173: result: no
configure:2143: checking for awk
configure:2159: found /usr/bin/awk
configure:2170: result: awk
configure:2181: checking whether make sets $(MAKE)
configure:2203: result: yes
configure:2232: checking whether make supports nested variables
configure:2249: result: yes
configure:2383: checking for gfortran
configure:2413: result: no
configure:2383: checking for g95
configure:2399: found /opt/local/bin/g95
configure:2410: result: g95
configure:2436: checking for Fortran compiler version
configure:2445: g95 --version >&5
G95 (GCC 4.2.4 (g95 0.92!) Apr  8 2012)
Copyright (C) 2002-2008 Free Software Foundation, Inc.

G95 comes with NO WARRANTY, to the extent permitted by law.
You may redistribute copies of G95
under the terms of the GNU General Public License.
For more information about these matters, see the file named COPYING
configure:2456: $? = 0
configure:2445: g95 -v >&5
Using built-in specs.
Target: 
Configured with: ../configure --prefix=/opt/local/lib/g95/x86_64-apple-darwin11/4.2.4 --enable-languages=c --disable-multilib --with-included-gettext --with-libiconv=/opt/local --libdir=/opt/local/lib/g95/x86_64-apple-darwin11/4.2.4 --with-as=/usr/bin/as --with-ld=/usr/bin/ld --with-nm=/usr/bin/nm --build=x86_64-apple-darwin11 --host=x86_64-apple-darwin11
Thread model: posix
gcc version 4.2.4 (g95 0.92!) Apr  8 2012
configure:2456: $? = 0
configure:2445: g95 -V >&5
g95: '-V' option must have argument
configure:2456: $? = 1
configure:2445: g95 -qversion >&5
g95: unrecognized option '-qversion'
g95: no input files
configure:2456: $? = 1
configure:2471: checking whether the Fortran compiler works
configure:2493: g95    conftest.f  >&5
ld: warning: -macosx_version_min not specified, assuming 10.7
configure:2497: $? = 0
configure:2545: result: yes
configure:2548: checking for Fortran compiler default output file name
configure:2550: result: a.out
configure:2556: checking for suffix of executables
configure:2563: g95 -o conftest    conftest.f  >&5
ld: warning: -macosx_version_min not specified, assuming 10.7
configure:2567: $? = 0
configure:2589: result: 
configure:2605: checking whether we are cross compiling
configure:2613: g95 -o conftest    conftest.f  >&5
ld: warning: -macosx_version_min not specified, assuming 10.7
configure:2617: $? = 0
configure:2624: ./conftest
configure:2628: $? = 0
configure:2643: result: no
configure:2648: checking for suffix of object files
configure:2664: g95 -c   conftest.f >&5
configure:2668: $? = 0
configure:2689: result: o
configure:2697: checking whether we are using the GNU Fortran compiler
configure:2710: g95 -c   conftest.F >&5
configure:2710: $? = 0
configure:2719: result: yes
configure:2725: checking whether g95 accepts -g
configure:2736: g95 -c -g  conftest.f >&5
configure:2736: $? = 0
configure:2744: result: yes
configure:2922: checking that generated files are newer than configure
configure:2928: result: done
configure:2943: creating ./config.status

## ---------------------- ##
## Running config.status. ##
## ---------------------- ##

This file was extended by SELEN config.status 2.9, which was
generated by GNU Autoconf 2.69.  Invocation command line was

  CONFIG_FILES    = 
  CONFIG_HEADERS  = 
  CONFIG_LINKS    = 
  CONFIG_COMMANDS = 
  $ ./config.status 

on Erics-MacBook-Pro.local

config.status:751: creating Makefile
config.status:751: creating src/Makefile

## ---------------- ##
## Cache variables. ##
## ---------------- ##

ac_cv_env_FCFLAGS_set=
ac_cv_env_FCFLAGS_value=
ac_cv_env_FC_set=
ac_cv_env_FC_value=
ac_cv_env_LDFLAGS_set=
ac_cv_env_LDFLAGS_value=
ac_cv_env_LIBS_set=
ac_cv_env_LIBS_value=
ac_cv_env_build_alias_set=
ac_cv_env_build_alias_value=
ac_cv_env_host_alias_set=
ac_cv_env_host_alias_value=
ac_cv_env_target_alias_set=
ac_cv_env_target_alias_value=
ac_cv_fc_compiler_gnu=yes
ac_cv_objext=o
ac_cv_path_install='/usr/bin/install -c'
ac_cv_prog_AWK=awk
ac_cv_prog_ac_ct_FC=g95
ac_cv_prog_fc_g=yes
ac_cv_prog_make_make_set=yes
am_cv_make_support_nested_variables=yes

## ----------------- ##
## Output variables. ##
## ----------------- ##

ACLOCAL='${SHELL} /Users/eheien/Downloads/selen/missing aclocal-1.13'
AMTAR='$${TAR-tar}'
AM_BACKSLASH='\'
AM_DEFAULT_V='$(AM_DEFAULT_VERBOSITY)'
AM_DEFAULT_VERBOSITY='1'
AM_V='$(V)'
AUTOCONF='${SHELL} /Users/eheien/Downloads/selen/missing autoconf'
AUTOHEADER='${SHELL} /Users/eheien/Downloads/selen/missing autoheader'
AUTOMAKE='${SHELL} /Users/eheien/Downloads/selen/missing automake-1.13'
AWK='awk'
CYGPATH_W='echo'
DEFS='-DPACKAGE_NAME=\"SELEN\" -DPACKAGE_TARNAME=\"selen\" -DPACKAGE_VERSION=\"2.9\" -DPACKAGE_STRING=\"SELEN\ 2.9\" -DPACKAGE_BUGREPORT=\"BUG-REPORT-ADDRESS\" -DPACKAGE_URL=\"\" -DPACKAGE=\"selen\" -DVERSION=\"2.9\"'
ECHO_C='\c'
ECHO_N=''
ECHO_T=''
EXEEXT=''
FC='g95'
FCFLAGS='-g -O2'
INSTALL_DATA='${INSTALL} -m 644'
INSTALL_PROGRAM='${INSTALL}'
INSTALL_SCRIPT='${INSTALL}'
INSTALL_STRIP_PROGRAM='$(install_sh) -c -s'
LDFLAGS=''
LIBOBJS=''
LIBS=''
LTLIBOBJS=''
MAKEINFO='${SHELL} /Users/eheien/Downloads/selen/missing makeinfo'
MKDIR_P='./install-sh -c -d'
OBJEXT='o'
PACKAGE='selen'
PACKAGE_BUGREPORT='BUG-REPORT-ADDRESS'
PACKAGE_NAME='SELEN'
PACKAGE_STRING='SELEN 2.9'
PACKAGE_TARNAME='selen'
PACKAGE_URL=''
PACKAGE_VERSION='2.9'
PATH_SEPARATOR=':'
SET_MAKE=''
SHELL='/bin/sh'
STRIP=''
VERSION='2.9'
ac_ct_FC='g95'
am__EXEEXT_FALSE=''
am__EXEEXT_TRUE='#'
am__isrc=''
am__leading_dot='.'
am__tar='$${TAR-tar} chof - "$$tardir"'
am__untar='$${TAR-tar} xf -'
bindir='${exec_prefix}/bin'
build_alias=''
datadir='${datarootdir}'
datarootdir='${prefix}/share'
docdir='${datarootdir}/doc/${PACKAGE_TARNAME}'
dvidir='${docdir}'
exec_prefix='${prefix}'
host_alias=''
htmldir='${docdir}'
includedir='${prefix}/include'
infodir='${datarootdir}/info'
install_sh='${SHELL} /Users/eheien/Downloads/selen/install-sh'
libdir='${exec_prefix}/lib'
libexecdir='${exec_prefix}/libexec'
localedir='${datarootdir}/locale'
localstatedir='${prefix}/var'
mandir='${datarootdir}/man'
mkdir_p='$(MKDIR_P)'
oldincludedir='/usr/include'
pdfdir='${docdir}'
prefix='/usr/local'
program_transform_name='s,x,x,'
psdir='${docdir}'
sbindir='${exec_prefix}/sbin'
sharedstatedir='${prefix}/com'
sysconfdir='${prefix}/etc'
target_alias=''

## ----------- ##
## confdefs.h. ##
## ----------- ##

/* confdefs.h */
#define PACKAGE_NAME "SELEN"
#define PACKAGE_TARNAME "selen"
#define PACKAGE_VERSION "2.9"
#define PACKAGE_STRING "SELEN 2.9"
#define PACKAGE_BUGREPORT "BUG-REPORT-ADDRESS"
#define PACKAGE_URL ""
#define PACKAGE "selen"
#define VERSION "2.9"

configure: exit 0

## ---------------------- ##
## Running config.status. ##
## ---------------------- ##

This file was extended by SELEN config.status 2.9, which was
generated by GNU Autoconf 2.69.  Invocation command line was

  CONFIG_FILES    = 
  CONFIG_HEADERS  = 
  CONFIG_LINKS    = 
  CONFIG_COMMANDS = 
  $ ./config.status src/Makefile

on Erics-MacBook-Pro.local

config.status:751: creating src/Makefile
